[Pass 1 time: 0.038 sec     dicttok]
[Pass 2 time: 0.001 sec     dictionary]
[Pass 3 time: 0.022 sec     removeFooters]
[Pass 4 time: 0.021 sec     header]
[Pass 5 time: 0.019 sec     identifier]
[Pass 6 time: 0.019 sec     decimals]
[Pass 7 time: 0.016 sec     removeBlankSpace]
[Pass 8 time: 0.018 sec     zoneHeader]
[Pass 9 time: 0.02 sec     RemoveWhiteSpace]
[Pass 10 time: 0.02 sec     removeHeaderWhiteSpace]
[Pass 11 time: 0.015 sec     removeIdentifierWhiteSpace]
[Pass 12 time: 0.015 sec     removeZoneHeaderLineEndings]
[Pass 13 time: 0.024 sec     headerZone]
[Pass 14 time: 0.021 sec     textZones]
[Pass 15 time: 0 sec     textZoneSplice]
[Pass 16 time: 0.001 sec     doc]
[Pass 17 time: 0.001 sec     funs]
[Pass 18 time: 0.001 sec     KBFuncs]
[Pass 19 time: 0.001 sec     posfuns]
[Pass 20 time: 0 sec     semfuns]
[Pass 21 time: 0 sec     qsemfuns]
[Pass 22 time: 0.001 sec     domfuns]
[Pass 23 time: 0 sec     xmlfns]
[Pass 24 time: 0.001 sec     ini]
[Pass 25 time: 0.033 sec     kbload]
[Pass 26 time: 0.002 sec     kb_geo]
[Pass 27 time: 0.001 sec     kb_onto]
[Pass 28 time: 0.019 sec     tag50]
[Pass 29 time: 0.018 sec     tag100]
[Pass 30 time: 0.016 sec     tags100]
[Pass 31 time: 0.016 sec     zap100]
[Pass 32 time: 0.018 sec     LINES_nosp]
[Pass 33 time: 0 sec     pre_100]
[Pass 34 time: 0.001 sec     pre_200]
[Pass 35 time: 0.001 sec     pre_300]
[Pass 36 time: 0.001 sec     pre_400]
[Pass 37 time: 0.001 sec     pre_500]
[Pass 38 time: 0.001 sec     pre_600]
[Pass 39 time: 0.001 sec     pre_zap]
[Pass 40 time: 0.001 sec     pre_zap1]
[Pass 41 time: 0.001 sec     pre_zap2]
[Pass 42 time: 0.003 sec     pre_badeos]
[Pass 43 time: 0.002 sec     pre_form]
[Pass 44 time: 0.001 sec     CYCLE_0]
[Pass 45 time: 0.019 sec     qline100]
[Pass 46 time: 0 sec     textzone50]
[Pass 47 time: 0.023 sec     textzone100]
[Pass 48 time: 0.024 sec     zaplines]
[Pass 49 time: 0.002 sec     CYCLE_1]
[Pass 50 time: 0.022 sec     tok10]
[Pass 51 time: 0.016 sec     tok25]
[Pass 52 time: 0.025 sec     tok50]
[Pass 53 time: 0.001 sec     quotes100]
[Pass 54 time: 0.022 sec     tok100]
[Pass 55 time: 0.027 sec     punct100]
[Pass 56 time: 0.022 sec     punct200]
[Pass 57 time: 0.019 sec     dom100]
[Pass 58 time: 0.021 sec     fnretok]
[Pass 59 time: 0.02 sec     date]
[Pass 60 time: 0.02 sec     feat]
[Pass 61 time: 0.024 sec     feat100]
[Pass 62 time: 0.021 sec     city]
[Pass 63 time: 0.022 sec     country]
[Pass 64 time: 0.019 sec     location100]
[Pass 65 time: 0.03 sec     fnword]
[Pass 66 time: 0.028 sec     num]
[Pass 67 time: 0.027 sec     common]
[Pass 68 time: 0.026 sec     dictfix]
[Pass 69 time: 0.077 sec     lookup_word]
[Pass 70 time: 0.075 sec     lex_unambig]
[Pass 71 time: 0.042 sec     tok150]
[Pass 72 time: 0.044 sec     dom150]
[Pass 73 time: 0.051 sec     tok175]
[Pass 74 time: 0.051 sec     entity100]
[Pass 75 time: 0.045 sec     tok200]
[Pass 76 time: 0.043 sec     lex_unambig2]
[Pass 77 time: 0.045 sec     hilite_alpha]
[Pass 78 time: 0.05 sec     dom175]
[Pass 79 time: 0.056 sec     caps50]
[Pass 80 time: 0.052 sec     incap100]
[Pass 81 time: 0.056 sec     dom200]
[Pass 82 time: 0.001 sec     sent50]
[Pass 83 time: 0.044 sec     sent100]
[Pass 84 time: 0 sec     sent125]
[Pass 85 time: 0.049 sec     pos10]
[Pass 86 time: 0.054 sec     inc100]
[Pass 87 time: 0.001 sec     inc300]
[Pass 88 time: 0.094 sec     pos25]
[Pass 89 time: 0.453 sec     pos50]
[Pass 90 time: 0.066 sec     study100]
[Pass 91 time: 0.059 sec     pos75]
[Pass 92 time: 0.062 sec     mhbv100]
[Pass 93 time: 0.069 sec     dqan100]
[Pass 94 time: 0.071 sec     phr50]
[Pass 95 time: 0.062 sec     pos100]
[Pass 96 time: 0.073 sec     caps100]
[Pass 97 time: 0.073 sec     pos200]
[Pass 98 time: 0.067 sec     dqan200]
[Pass 99 time: 0.064 sec     pos300]
[Pass 100 time: 0.061 sec     seg100]
[Pass 101 time: 0.061 sec     qseg100]
[Pass 102 time: 0.08 sec     sent200]
[Pass 103 time: 0.077 sec     qconj100]
[Pass 104 time: 0.064 sec     qseg125]
[Pass 105 time: 0.066 sec     qconj200]
[Pass 106 time: 0.066 sec     qsent50]
[Pass 107 time: 0.066 sec     pos400]
[Pass 108 time: 0.067 sec     qclause50]
[Pass 109 time: 0.065 sec     clause100]
[Pass 110 time: 0.076 sec     clause200]
[Pass 111 time: 0.089 sec     clause300]
[Pass 112 time: 0.078 sec     qseg150]
[Pass 113 time: 0.067 sec     sent250]
[Pass 114 time: 0.069 sec     clause400]
[Pass 115 time: 0.065 sec     sent300]
[Pass 116 time: 0.071 sec     qsent75]
[Pass 117 time: 0.086 sec     phr100]
[Pass 118 time: 0.086 sec     qseg200]
[Pass 119 time: 0.087 sec     qclause200]
[Pass 120 time: 0.078 sec     qclause75]
[Pass 121 time: 0.087 sec     qclause100]
[Pass 122 time: 0.074 sec     sent400]
[Pass 123 time: 0.086 sec     qsent100]
[Pass 124 time: 0.088 sec     sent_pos]
[Pass 125 time: 0.083 sec     clause_pos]
[Pass 126 time: 0.001 sec     CYCLE_2]
[Pass 127 time: 0.081 sec     qclause300]
[Pass 128 time: 0.078 sec     anaphora100]
[Pass 129 time: 0.085 sec     sentsem]
[Pass 130 time: 0.098 sec     clausesem]
[Pass 131 time: 0.09 sec     inclausesem]
[Pass 132 time: 0.082 sec     hilite_undone]
[Pass 133 time: 0.081 sec     hilite_pos]
[Pass 134 time: 0.086 sec     hilite_postag]
[Pass 135 time: 0.077 sec     hilite_np]
[Pass 136 time: 0.081 sec     hilite_ne]
[Pass 137 time: 0.1 sec     hilite_temporal]
[Pass 138 time: 0.08 sec     hilite_spatial]
[Pass 139 time: 0.091 sec     hilite_clause]
[Pass 140 time: 0 sec     pos_out]
[Pass 141 time: 0.146 sec     pos_out_noscore]
[Pass 142 time: 0.001 sec     poserr]
[Pass 143 time: 0.091 sec     rule_out]
[Pass 144 time: 0.001 sec     trav_dict]
[Pass 145 time: 0 sec     xmlrecursive]
[Pass 146 time: 0.141 sec     ne_out]
[Pass 147 time: 0.001 sec     ne_xml]
[Pass 148 time: 0.001 sec     fin]
[Pass 149 time: 0.093 sec     bodyAttributes]
[Pass 150 time: 0.079 sec     buff_out]
[Pass 151 time: 0.048 sec     displayKB]
[Input file: c:\Users\tasht\Documents\Clemson\npl_project\npl_plus_plus\rad_report_analyzer\input\brain_mri_sample_report.txt]
[Total passes: 151
[Total time: 6.611 sec]
[Time per 1000 chars (6.611/3768): 1.75451 sec]
[Time per pass per 1000 chars: 0.0116193]
infile  passes tottime length tot/1000 tot/pass/1000
c:\Users\tasht\Documents\Clemson\npl_project\npl_plus_plus\rad_report_analyzer\input\brain_mri_sample_report.txt	151	6.611	3768	1.75451	0.0116193
[Clean time: 0.003 sec]
